2024.11.13 10:46:47 INFO  Started: Metals version 0.11.12 in workspace '/home/tough/Documents/EPFL/BA5/MIT/Group Project/2024fa-foosbot/Software/Camera/transmit_image_test/scala_reactive_streams' for client Neovim 0.10.1+v0.10.1.[0m
nov. 13, 2024 10:46:47 AM org.flywaydb.core.internal.license.VersionPrinter printVersionOnly
INFO: Flyway Community Edition 9.16.3 by Redgate
nov. 13, 2024 10:46:47 AM org.flywaydb.core.internal.license.VersionPrinter printVersion
INFO: See release notes here: https://rd.gt/416ObMi
nov. 13, 2024 10:46:47 AM org.flywaydb.core.internal.license.VersionPrinter printVersion
INFO: 
nov. 13, 2024 10:46:47 AM org.flywaydb.core.internal.database.base.BaseDatabaseType createDatabase
INFO: Database: jdbc:h2:file:/home/tough/Documents/EPFL/BA5/MIT/Group Project/2024fa-foosbot/Software/Camera/transmit_image_test/scala_reactive_streams/.metals/metals (H2 2.1)
nov. 13, 2024 10:46:47 AM org.flywaydb.core.internal.schemahistory.JdbcTableSchemaHistory allAppliedMigrations
INFO: Schema history table "PUBLIC"."flyway_schema_history" does not exist yet
nov. 13, 2024 10:46:47 AM org.flywaydb.core.internal.command.DbValidate validate
INFO: Successfully validated 4 migrations (execution time 00:00.029s)
nov. 13, 2024 10:46:47 AM org.flywaydb.core.internal.schemahistory.JdbcTableSchemaHistory create
INFO: Creating Schema History table "PUBLIC"."flyway_schema_history" ...
nov. 13, 2024 10:46:47 AM org.flywaydb.core.internal.command.DbMigrate migrateGroup
INFO: Current version of schema "PUBLIC": << Empty Schema >>
nov. 13, 2024 10:46:47 AM org.flywaydb.core.internal.command.DbMigrate doMigrateGroup
INFO: Migrating schema "PUBLIC" to version "1 - Create tables"
nov. 13, 2024 10:46:47 AM org.flywaydb.core.internal.command.DbMigrate doMigrateGroup
INFO: Migrating schema "PUBLIC" to version "2 - Server discovery"
nov. 13, 2024 10:46:47 AM org.flywaydb.core.internal.command.DbMigrate doMigrateGroup
INFO: Migrating schema "PUBLIC" to version "3 - Jar symbols"
nov. 13, 2024 10:46:47 AM org.flywaydb.core.internal.command.DbMigrate doMigrateGroup
INFO: Migrating schema "PUBLIC" to version "4 - Fingerprints"
nov. 13, 2024 10:46:47 AM org.flywaydb.core.internal.command.DbMigrate logSummary
INFO: Successfully applied 4 migrations to schema "PUBLIC", now at version v4 (execution time 00:00.084s)
2024.11.13 10:46:48 INFO  time: initialize in 0.69s[0m
nov. 13, 2024 10:46:48 AM org.eclipse.lsp4j.jsonrpc.RemoteEndpoint handleNotification
WARNING: Notification threw an exception: {
  "jsonrpc": "2.0",
  "method": "textDocument/didOpen",
  "params": {
    "textDocument": {
      "uri": "file:///home/tough/Documents/EPFL/BA5/MIT/Group%20Project/2024fa-foosbot/Software/Camera/transmit_image_test/scala_reactive_streams/src/main/scala/Main.scala",
      "languageId": "scala",
      "version": 0,
      "text": "\n"
    }
  }
}
java.lang.RuntimeException: java.lang.reflect.InvocationTargetException
	at org.eclipse.lsp4j.jsonrpc.services.GenericEndpoint.lambda$null$0(GenericEndpoint.java:67)
	at org.eclipse.lsp4j.jsonrpc.services.GenericEndpoint.notify(GenericEndpoint.java:152)
	at org.eclipse.lsp4j.jsonrpc.RemoteEndpoint.handleNotification(RemoteEndpoint.java:220)
	at org.eclipse.lsp4j.jsonrpc.RemoteEndpoint.consume(RemoteEndpoint.java:187)
	at org.eclipse.lsp4j.jsonrpc.json.StreamMessageProducer.handleMessage(StreamMessageProducer.java:194)
	at org.eclipse.lsp4j.jsonrpc.json.StreamMessageProducer.listen(StreamMessageProducer.java:94)
	at org.eclipse.lsp4j.jsonrpc.json.ConcurrentMessageProcessor.run(ConcurrentMessageProcessor.java:113)
	at java.base/java.util.concurrent.Executors$RunnableAdapter.call(Executors.java:539)
	at java.base/java.util.concurrent.FutureTask.run(FutureTask.java:264)
	at java.base/java.util.concurrent.ThreadPoolExecutor.runWorker(ThreadPoolExecutor.java:1136)
	at java.base/java.util.concurrent.ThreadPoolExecutor$Worker.run(ThreadPoolExecutor.java:635)
	at java.base/java.lang.Thread.run(Thread.java:840)
Caused by: java.lang.reflect.InvocationTargetException
	at java.base/jdk.internal.reflect.NativeMethodAccessorImpl.invoke0(Native Method)
	at java.base/jdk.internal.reflect.NativeMethodAccessorImpl.invoke(NativeMethodAccessorImpl.java:77)
	at java.base/jdk.internal.reflect.DelegatingMethodAccessorImpl.invoke(DelegatingMethodAccessorImpl.java:43)
	at java.base/java.lang.reflect.Method.invoke(Method.java:569)
	at org.eclipse.lsp4j.jsonrpc.services.GenericEndpoint.lambda$null$0(GenericEndpoint.java:65)
	... 11 more
Caused by: java.nio.file.NoSuchFileException: /home/tough/Documents/EPFL/BA5/MIT/Group Project/2024fa-foosbot/Software/Camera/transmit_image_test/scala_reactive_streams/src/main/scala/Main.scala
	at java.base/sun.nio.fs.UnixException.translateToIOException(UnixException.java:92)
	at java.base/sun.nio.fs.UnixException.rethrowAsIOException(UnixException.java:106)
	at java.base/sun.nio.fs.UnixException.rethrowAsIOException(UnixException.java:111)
	at java.base/sun.nio.fs.UnixFileSystemProvider.newByteChannel(UnixFileSystemProvider.java:218)
	at java.base/java.nio.file.Files.newByteChannel(Files.java:380)
	at java.base/java.nio.file.Files.newByteChannel(Files.java:432)
	at java.base/java.nio.file.Files.readAllBytes(Files.java:3288)
	at scala.meta.internal.io.PlatformFileIO$.slurp(PlatformFileIO.scala:45)
	at scala.meta.internal.io.FileIO$.slurp(FileIO.scala:24)
	at scala.meta.internal.metals.MetalsLspService.didOpen(MetalsLspService.scala:1113)
	at scala.meta.metals.lsp.DelegatingScalaService.didOpen(DelegatingScalaService.scala:39)
	... 16 more

2024.11.13 10:46:48 WARN  Build server is not auto-connectable.[0m
2024.11.13 10:46:48 INFO  Selected port 5031[0m
nov. 13, 2024 10:46:48 AM io.undertow.Undertow start
INFO: starting server: Undertow - 2.2.20.Final
nov. 13, 2024 10:46:48 AM org.xnio.Xnio <clinit>
INFO: XNIO version 3.8.9.Final
nov. 13, 2024 10:46:48 AM org.xnio.nio.NioXnio <clinit>
INFO: XNIO NIO Implementation Version 3.8.9.Final
nov. 13, 2024 10:46:48 AM org.jboss.threads.Version <clinit>
INFO: JBoss Threads version 3.1.0.Final
2024.11.13 10:46:48 INFO  Started Metals http server at http://127.0.0.1:5031[0m
2024.11.13 10:46:54 INFO  running '/usr/lib/jvm/java-17-openjdk/bin/java -Djline.terminal=jline.UnsupportedTerminal -Dsbt.log.noformat=true -Dfile.encoding=UTF-8 -jar /tmp/metals4856165164901632316/sbt-launch.jar -Dbloop.export-jar-classifiers=sources bloopInstall'[0m
2024.11.13 10:46:55 INFO  [info] welcome to sbt 1.10.1 (Arch Linux Java 17.0.12)[0m
2024.11.13 10:46:58 INFO  [info] loading settings for project scala_reactive_streams-build-build from metals.sbt ...[0m
2024.11.13 10:46:58 INFO  [info] loading project definition from /home/tough/Documents/EPFL/BA5/MIT/Group Project/2024fa-foosbot/Software/Camera/transmit_image_test/scala_reactive_streams/project/project[0m
2024.11.13 10:47:01 INFO  [info] loading settings for project scala_reactive_streams-build from metals.sbt ...[0m
2024.11.13 10:47:01 INFO  [info] loading project definition from /home/tough/Documents/EPFL/BA5/MIT/Group Project/2024fa-foosbot/Software/Camera/transmit_image_test/scala_reactive_streams/project[0m
2024.11.13 10:47:04 INFO  [success] Generated .bloop/scala_reactive_streams-build.json[0m
2024.11.13 10:47:04 INFO  [success] Total time: 2 s, completed 13 nov. 2024, 10:47:04[0m
2024.11.13 10:47:06 INFO  [info] loading settings for project scala_reactive_streams from build.sbt ...[0m
2024.11.13 10:47:06 INFO  [info] set current project to scala_reactive_streams (in build file:/home/tough/Documents/EPFL/BA5/MIT/Group%20Project/2024fa-foosbot/Software/Camera/transmit_image_test/scala_reactive_streams/)[0m
2024.11.13 10:47:07 INFO  [warn] [0m
2024.11.13 10:47:07 INFO  [warn] 	Note: Unresolved dependencies path:[0m
2024.11.13 10:47:07 INFO  [error] Couldn't run bloopGenerate for scala_reactive_streams. Cause:[0m
2024.11.13 10:47:07 INFO  [error] Incomplete(node=Some(Task(_)), tpe=Error, msg=None, causes=List(Incomplete(node=Some(Task(_)), tpe=Error, msg=None, causes=List(Incomplete(node=Some(Task((tags: Map(Tag(update) -> 1, Tag(network) -> 1), taskDefinitionKey: ScopedKey(Scope(Select(ProjectRef(file:/home/tough/Documents/EPFL/BA5/MIT/Group%20Project/2024fa-foosbot/Software/Camera/transmit_image_test/scala_reactive_streams/,scala_reactive_streams)), Zero, Zero, Zero),updateClassifiers)))), tpe=Error, msg=None, causes=List(Incomplete(node=Some(Task((taskDefinitionKey: ScopedKey(Scope(Select(ProjectRef(file:/home/tough/Documents/EPFL/BA5/MIT/Group%20Project/2024fa-foosbot/Software/Camera/transmit_image_test/scala_reactive_streams/,scala_reactive_streams)), Zero, Select(updateClassifiers), Zero),classifiersModule)))), tpe=Error, msg=None, causes=List(Incomplete(node=Some(Task((taskDefinitionKey: ScopedKey(Scope(Select(ProjectRef(file:/home/tough/Documents/EPFL/BA5/MIT/Group%20Project/2024fa-foosbot/Software/Camera/transmit_image_test/scala_reactive_streams/,scala_reactive_streams)), Zero, Zero, Zero),update)))), tpe=Error, msg=None, causes=List(Incomplete(node=Some(Task((tags: Map(Tag(update) -> 1, Tag(network) -> 1), taskDefinitionKey: ScopedKey(Scope(Select(ProjectRef(file:/home/tough/Documents/EPFL/BA5/MIT/Group%20Project/2024fa-foosbot/Software/Camera/transmit_image_test/scala_reactive_streams/,scala_reactive_streams)), Zero, Zero, Zero),update)))), tpe=Error, msg=None, causes=List(), directCause=Some(sbt.librarymanagement.ResolveException: Error downloading com.github.jarlakxen:reactive-serial_2.12:1.4[0m
2024.11.13 10:47:07 INFO  [error]   Not found[0m
2024.11.13 10:47:07 INFO  [error]   Not found[0m
2024.11.13 10:47:07 INFO  [error]   not found: /home/tough/.ivy2/localcom.github.jarlakxen/reactive-serial_2.12/1.4/ivys/ivy.xml[0m
2024.11.13 10:47:07 INFO  [error]   not found: https://repo1.maven.org/maven2/com/github/jarlakxen/reactive-serial_2.12/1.4/reactive-serial_2.12-1.4.pom[0m
2024.11.13 10:47:07 INFO  [error]   not found: https://dl.bintray.com/jarlakxen/maven/com/github/jarlakxen/reactive-serial_2.12/1.4/reactive-serial_2.12-1.4.pom))), directCause=None)), directCause=None)), directCause=None)), directCause=None), Incomplete(node=Some(Task((taskDefinitionKey: ScopedKey(Scope(Select(ProjectRef(file:/home/tough/Documents/EPFL/BA5/MIT/Group%20Project/2024fa-foosbot/Software/Camera/transmit_image_test/scala_reactive_streams/,scala_reactive_streams)), Zero, Zero, Zero),update)))), tpe=Error, msg=None, causes=List(Incomplete(node=Some(Task((tags: Map(Tag(update) -> 1, Tag(network) -> 1), taskDefinitionKey: ScopedKey(Scope(Select(ProjectRef(file:/home/tough/Documents/EPFL/BA5/MIT/Group%20Project/2024fa-foosbot/Software/Camera/transmit_image_test/scala_reactive_streams/,scala_reactive_streams)), Zero, Zero, Zero),update)))), tpe=Error, msg=None, causes=List(), directCause=Some(sbt.librarymanagement.ResolveException: Error downloading com.github.jarlakxen:reactive-serial_2.12:1.4[0m
2024.11.13 10:47:07 INFO  [error]   Not found[0m
2024.11.13 10:47:07 INFO  [error]   Not found[0m
2024.11.13 10:47:07 INFO  [error]   not found: /home/tough/.ivy2/localcom.github.jarlakxen/reactive-serial_2.12/1.4/ivys/ivy.xml[0m
2024.11.13 10:47:07 INFO  [error]   not found: https://repo1.maven.org/maven2/com/github/jarlakxen/reactive-serial_2.12/1.4/reactive-serial_2.12-1.4.pom[0m
2024.11.13 10:47:07 INFO  [error]   not found: https://dl.bintray.com/jarlakxen/maven/com/github/jarlakxen/reactive-serial_2.12/1.4/reactive-serial_2.12-1.4.pom))), directCause=None), Incomplete(node=Some(Task(_)), tpe=Error, msg=None, causes=List(Incomplete(node=Some(Task(_)), tpe=Error, msg=None, causes=List(Incomplete(node=Some(Task((taskDefinitionKey: ScopedKey(Scope(Select(ProjectRef(file:/home/tough/Documents/EPFL/BA5/MIT/Group%20Project/2024fa-foosbot/Software/Camera/transmit_image_test/scala_reactive_streams/,scala_reactive_streams)), Select(ConfigKey(compile)), Zero, Zero),externalDependencyClasspath)))), tpe=Error, msg=None, causes=List(Incomplete(node=Some(Task(_)), tpe=Error, msg=None, causes=List(Incomplete(node=Some(Task((taskDefinitionKey: ScopedKey(Scope(Select(ProjectRef(file:/home/tough/Documents/EPFL/BA5/MIT/Group%20Project/2024fa-foosbot/Software/Camera/transmit_image_test/scala_reactive_streams/,scala_reactive_streams)), Select(ConfigKey(compile)), Zero, Zero),managedClasspath)))), tpe=Error, msg=None, causes=List(Incomplete(node=Some(Task(_)), tpe=Error, msg=None, causes=List(Incomplete(node=Some(Task((taskDefinitionKey: ScopedKey(Scope(Select(ProjectRef(file:/home/tough/Documents/EPFL/BA5/MIT/Group%20Project/2024fa-foosbot/Software/Camera/transmit_image_test/scala_reactive_streams/,scala_reactive_streams)), Zero, Zero, Zero),update)))), tpe=Error, msg=None, causes=List(Incomplete(node=Some(Task((tags: Map(Tag(update) -> 1, Tag(network) -> 1), taskDefinitionKey: ScopedKey(Scope(Select(ProjectRef(file:/home/tough/Documents/EPFL/BA5/MIT/Group%20Project/2024fa-foosbot/Software/Camera/transmit_image_test/scala_reactive_streams/,scala_reactive_streams)), Zero, Zero, Zero),update)))), tpe=Error, msg=None, causes=List(), directCause=Some(sbt.librarymanagement.ResolveException: Error downloading com.github.jarlakxen:reactive-serial_2.12:1.4[0m
2024.11.13 10:47:07 INFO  [error]   Not found[0m
2024.11.13 10:47:07 INFO  [error]   Not found[0m
2024.11.13 10:47:07 INFO  [error]   not found: /home/tough/.ivy2/localcom.github.jarlakxen/reactive-serial_2.12/1.4/ivys/ivy.xml[0m
2024.11.13 10:47:07 INFO  [error]   not found: https://repo1.maven.org/maven2/com/github/jarlakxen/reactive-serial_2.12/1.4/reactive-serial_2.12-1.4.pom[0m
2024.11.13 10:47:07 INFO  [error]   not found: https://dl.bintray.com/jarlakxen/maven/com/github/jarlakxen/reactive-serial_2.12/1.4/reactive-serial_2.12-1.4.pom))), directCause=None), Incomplete(node=Some(Task((taskDefinitionKey: ScopedKey(Scope(Select(ProjectRef(file:/home/tough/Documents/EPFL/BA5/MIT/Group%20Project/2024fa-foosbot/Software/Camera/transmit_image_test/scala_reactive_streams/,scala_reactive_streams)), Select(ConfigKey(compile)), Zero, Zero),classpathConfiguration)))), tpe=Error, msg=None, causes=List(Incomplete(node=Some(Task((taskDefinitionKey: ScopedKey(Scope(Select(ProjectRef(file:/home/tough/Documents/EPFL/BA5/MIT/Group%20Project/2024fa-foosbot/Software/Camera/transmit_image_test/scala_reactive_streams/,scala_reactive_streams)), Zero, Zero, Zero),update)))), tpe=Error, msg=None, causes=List(Incomplete(node=Some(Task((tags: Map(Tag(update) -> 1, Tag(network) -> 1), taskDefinitionKey: ScopedKey(Scope(Select(ProjectRef(file:/home/tough/Documents/EPFL/BA5/MIT/Group%20Project/2024fa-foosbot/Software/Camera/transmit_image_test/scala_reactive_streams/,scala_reactive_streams)), Zero, Zero, Zero),update)))), tpe=Error, msg=None, causes=List(), directCause=Some(sbt.librarymanagement.ResolveException: Error downloading com.github.jarlakxen:reactive-serial_2.12:1.4[0m
2024.11.13 10:47:07 INFO  [error]   Not found[0m
2024.11.13 10:47:07 INFO  [error]   Not found[0m
2024.11.13 10:47:07 INFO  [error]   not found: /home/tough/.ivy2/localcom.github.jarlakxen/reactive-serial_2.12/1.4/ivys/ivy.xml[0m
2024.11.13 10:47:07 INFO  [error]   not found: https://repo1.maven.org/maven2/com/github/jarlakxen/reactive-serial_2.12/1.4/reactive-serial_2.12-1.4.pom[0m
2024.11.13 10:47:07 INFO  [error]   not found: https://dl.bintray.com/jarlakxen/maven/com/github/jarlakxen/reactive-serial_2.12/1.4/reactive-serial_2.12-1.4.pom))), directCause=None)), directCause=None)), directCause=None)), directCause=None)), directCause=None)), directCause=None)), directCause=None)), directCause=None), Incomplete(node=Some(Task((taskDefinitionKey: ScopedKey(Scope(Select(ProjectRef(file:/home/tough/Documents/EPFL/BA5/MIT/Group%20Project/2024fa-foosbot/Software/Camera/transmit_image_test/scala_reactive_streams/,scala_reactive_streams)), Select(ConfigKey(compile)), Zero, Zero),bloopInternalClasspath)))), tpe=Error, msg=None, causes=List(Incomplete(node=Some(Task(_)), tpe=Error, msg=None, causes=List(Incomplete(node=Some(Task((taskDefinitionKey: ScopedKey(Scope(Select(ProjectRef(file:/home/tough/Documents/EPFL/BA5/MIT/Group%20Project/2024fa-foosbot/Software/Camera/transmit_image_test/scala_reactive_streams/,scala_reactive_streams)), Select(ConfigKey(compile)), Zero, Zero),classpathConfiguration)))), tpe=Error, msg=None, causes=List(Incomplete(node=Some(Task((taskDefinitionKey: ScopedKey(Scope(Select(ProjectRef(file:/home/tough/Documents/EPFL/BA5/MIT/Group%20Project/2024fa-foosbot/Software/Camera/transmit_image_test/scala_reactive_streams/,scala_reactive_streams)), Zero, Zero, Zero),update)))), tpe=Error, msg=None, causes=List(Incomplete(node=Some(Task((tags: Map(Tag(update) -> 1, Tag(network) -> 1), taskDefinitionKey: ScopedKey(Scope(Select(ProjectRef(file:/home/tough/Documents/EPFL/BA5/MIT/Group%20Project/2024fa-foosbot/Software/Camera/transmit_image_test/scala_reactive_streams/,scala_reactive_streams)), Zero, Zero, Zero),update)))), tpe=Error, msg=None, causes=List(), directCause=Some(sbt.librarymanagement.ResolveException: Error downloading com.github.jarlakxen:reactive-serial_2.12:1.4[0m
2024.11.13 10:47:07 INFO  [error]   Not found[0m
2024.11.13 10:47:07 INFO  [error]   Not found[0m
2024.11.13 10:47:07 INFO  [error]   not found: /home/tough/.ivy2/localcom.github.jarlakxen/reactive-serial_2.12/1.4/ivys/ivy.xml[0m
2024.11.13 10:47:07 INFO  [error]   not found: https://repo1.maven.org/maven2/com/github/jarlakxen/reactive-serial_2.12/1.4/reactive-serial_2.12-1.4.pom[0m
2024.11.13 10:47:07 INFO  [error]   not found: https://dl.bintray.com/jarlakxen/maven/com/github/jarlakxen/reactive-serial_2.12/1.4/reactive-serial_2.12-1.4.pom))), directCause=None)), directCause=None)), directCause=None)), directCause=None), Incomplete(node=Some(Task((taskDefinitionKey: ScopedKey(Scope(Select(ProjectRef(file:/home/tough/Documents/EPFL/BA5/MIT/Group%20Project/2024fa-foosbot/Software/Camera/transmit_image_test/scala_reactive_streams/,scala_reactive_streams)), Select(ConfigKey(compile)), Zero, Zero),scalacOptions)))), tpe=Error, msg=None, causes=List(Incomplete(node=Some(Task((taskDefinitionKey: ScopedKey(Scope(Select(ProjectRef(file:/home/tough/Documents/EPFL/BA5/MIT/Group%20Project/2024fa-foosbot/Software/Camera/transmit_image_test/scala_reactive_streams/,scala_reactive_streams)), Select(ConfigKey(compile)), Zero, Zero),scalacOptions)))), tpe=Error, msg=None, causes=List(Incomplete(node=Some(Task((taskDefinitionKey: ScopedKey(Scope(Select(ProjectRef(file:/home/tough/Documents/EPFL/BA5/MIT/Group%20Project/2024fa-foosbot/Software/Camera/transmit_image_test/scala_reactive_streams/,scala_reactive_streams)), Select(ConfigKey(compile)), Zero, Zero),scalacOptions)))), tpe=Error, msg=None, causes=List(Incomplete(node=Some(Task((taskDefinitionKey: ScopedKey(Scope(Select(ProjectRef(file:/home/tough/Documents/EPFL/BA5/MIT/Group%20Project/2024fa-foosbot/Software/Camera/transmit_image_test/scala_reactive_streams/,scala_reactive_streams)), Select(ConfigKey(compile)), Zero, Zero),scalacOptions)))), tpe=Error, msg=None, causes=List(Incomplete(node=Some(Task((taskDefinitionKey: ScopedKey(Scope(Select(ProjectRef(file:/home/tough/Documents/EPFL/BA5/MIT/Group%20Project/2024fa-foosbot/Software/Camera/transmit_image_test/scala_reactive_streams/,scala_reactive_streams)), Select(ConfigKey(compile)), Zero, Zero),scalacOptions)))), tpe=Error, msg=None, causes=List(Incomplete(node=Some(Task((taskDefinitionKey: ScopedKey(Scope(Select(ProjectRef(file:/home/tough/Documents/EPFL/BA5/MIT/Group%20Project/2024fa-foosbot/Software/Camera/transmit_image_test/scala_reactive_streams/,scala_reactive_streams)), Zero, Zero, Zero),update)))), tpe=Error, msg=None, causes=List(Incomplete(node=Some(Task((tags: Map(Tag(update) -> 1, Tag(network) -> 1), taskDefinitionKey: ScopedKey(Scope(Select(ProjectRef(file:/home/tough/Documents/EPFL/BA5/MIT/Group%20Project/2024fa-foosbot/Software/Camera/transmit_image_test/scala_reactive_streams/,scala_reactive_streams)), Zero, Zero, Zero),update)))), tpe=Error, msg=None, causes=List(), directCause=Some(sbt.librarymanagement.ResolveException: Error downloading com.github.jarlakxen:reactive-serial_2.12:1.4[0m
2024.11.13 10:47:07 INFO  [error]   Not found[0m
2024.11.13 10:47:07 INFO  [error]   Not found[0m
2024.11.13 10:47:07 INFO  [error]   not found: /home/tough/.ivy2/localcom.github.jarlakxen/reactive-serial_2.12/1.4/ivys/ivy.xml[0m
2024.11.13 10:47:07 INFO  [error]   not found: https://repo1.maven.org/maven2/com/github/jarlakxen/reactive-serial_2.12/1.4/reactive-serial_2.12-1.4.pom[0m
2024.11.13 10:47:07 INFO  [error] Couldn't run bloopGenerate for scala_reactive_streams-test. Cause:[0m
2024.11.13 10:47:07 INFO  [error]   not found: https://dl.bintray.com/jarlakxen/maven/com/github/jarlakxen/reactive-serial_2.12/1.4/reactive-serial_2.12-1.4.pom))), directCause=None)), directCause=None)), directCause=None)), directCause=None)), directCause=None)), directCause=None), Incomplete(node=Some(Task(_)), tpe=Error, msg=None, causes=List(Incomplete(node=Some(Task((taskDefinitionKey: ScopedKey(Scope(Select(ProjectRef(file:/home/tough/Documents/EPFL/BA5/MIT/Group%20Project/2024fa-foosbot/Software/Camera/transmit_image_test/scala_reactive_streams/,scala_reactive_streams)), Select(ConfigKey(compile)), Zero, Zero),externalDependencyClasspath)))), tpe=Error, msg=None, causes=List(Incomplete(node=Some(Task(_)), tpe=Error, msg=None, causes=List(Incomplete(node=Some(Task((taskDefinitionKey: ScopedKey(Scope(Select(ProjectRef(file:/home/tough/Documents/EPFL/BA5/MIT/Group%20Project/2024fa-foosbot/Software/Camera/transmit_image_test/scala_reactive_streams/,scala_reactive_streams)), Select(ConfigKey(compile)), Zero, Zero),managedClasspath)))), tpe=Error, msg=None, causes=List(Incomplete(node=Some(Task(_)), tpe=Error, msg=None, causes=List(Incomplete(node=Some(Task((taskDefinitionKey: ScopedKey(Scope(Select(ProjectRef(file:/home/tough/Documents/EPFL/BA5/MIT/Group%20Project/2024fa-foosbot/Software/Camera/transmit_image_test/scala_reactive_streams/,scala_reactive_streams)), Zero, Zero, Zero),update)))), tpe=Error, msg=None, causes=List(Incomplete(node=Some(Task((tags: Map(Tag(update) -> 1, Tag(network) -> 1), taskDefinitionKey: ScopedKey(Scope(Select(ProjectRef(file:/home/tough/Documents/EPFL/BA5/MIT/Group%20Project/2024fa-foosbot/Software/Camera/transmit_image_test/scala_reactive_streams/,scala_reactive_streams)), Zero, Zero, Zero),update)))), tpe=Error, msg=None, causes=List(), directCause=Some(sbt.librarymanagement.ResolveException: Error downloading com.github.jarlakxen:reactive-serial_2.12:1.4[0m
2024.11.13 10:47:07 INFO  [error] Incomplete(node=Some(Task(_)), tpe=Error, msg=None, causes=List(Incomplete(node=Some(Task(_)), tpe=Error, msg=None, causes=List(Incomplete(node=Some(Task((tags: Map(Tag(update) -> 1, Tag(network) -> 1), taskDefinitionKey: ScopedKey(Scope(Select(ProjectRef(file:/home/tough/Documents/EPFL/BA5/MIT/Group%20Project/2024fa-foosbot/Software/Camera/transmit_image_test/scala_reactive_streams/,scala_reactive_streams)), Zero, Zero, Zero),updateClassifiers)))), tpe=Error, msg=None, causes=List(Incomplete(node=Some(Task((taskDefinitionKey: ScopedKey(Scope(Select(ProjectRef(file:/home/tough/Documents/EPFL/BA5/MIT/Group%20Project/2024fa-foosbot/Software/Camera/transmit_image_test/scala_reactive_streams/,scala_reactive_streams)), Zero, Select(updateClassifiers), Zero),classifiersModule)))), tpe=Error, msg=None, causes=List(Incomplete(node=Some(Task((taskDefinitionKey: ScopedKey(Scope(Select(ProjectRef(file:/home/tough/Documents/EPFL/BA5/MIT/Group%20Project/2024fa-foosbot/Software/Camera/transmit_image_test/scala_reactive_streams/,scala_reactive_streams)), Zero, Zero, Zero),update)))), tpe=Error, msg=None, causes=List(Incomplete(node=Some(Task((tags: Map(Tag(update) -> 1, Tag(network) -> 1), taskDefinitionKey: ScopedKey(Scope(Select(ProjectRef(file:/home/tough/Documents/EPFL/BA5/MIT/Group%20Project/2024fa-foosbot/Software/Camera/transmit_image_test/scala_reactive_streams/,scala_reactive_streams)), Zero, Zero, Zero),update)))), tpe=Error, msg=None, causes=List(), directCause=Some(sbt.librarymanagement.ResolveException: Error downloading com.github.jarlakxen:reactive-serial_2.12:1.4[0m
2024.11.13 10:47:07 INFO  [error]   Not found[0m
2024.11.13 10:47:07 INFO  [error]   Not found[0m
2024.11.13 10:47:07 INFO  [error]   Not found[0m
2024.11.13 10:47:07 INFO  [error]   Not found[0m
2024.11.13 10:47:07 INFO  [error]   not found: /home/tough/.ivy2/localcom.github.jarlakxen/reactive-serial_2.12/1.4/ivys/ivy.xml[0m
2024.11.13 10:47:07 INFO  [error]   not found: /home/tough/.ivy2/localcom.github.jarlakxen/reactive-serial_2.12/1.4/ivys/ivy.xml[0m
2024.11.13 10:47:07 INFO  [error]   not found: https://repo1.maven.org/maven2/com/github/jarlakxen/reactive-serial_2.12/1.4/reactive-serial_2.12-1.4.pom[0m
2024.11.13 10:47:07 INFO  [error]   not found: https://repo1.maven.org/maven2/com/github/jarlakxen/reactive-serial_2.12/1.4/reactive-serial_2.12-1.4.pom[0m
2024.11.13 10:47:07 INFO  [error]   not found: https://dl.bintray.com/jarlakxen/maven/com/github/jarlakxen/reactive-serial_2.12/1.4/reactive-serial_2.12-1.4.pom))), directCause=None), Incomplete(node=Some(Task((taskDefinitionKey: ScopedKey(Scope(Select(ProjectRef(file:/home/tough/Documents/EPFL/BA5/MIT/Group%20Project/2024fa-foosbot/Software/Camera/transmit_image_test/scala_reactive_streams/,scala_reactive_streams)), Select(ConfigKey(compile)), Zero, Zero),classpathConfiguration)))), tpe=Error, msg=None, causes=List(Incomplete(node=Some(Task((taskDefinitionKey: ScopedKey(Scope(Select(ProjectRef(file:/home/tough/Documents/EPFL/BA5/MIT/Group%20Project/2024fa-foosbot/Software/Camera/transmit_image_test/scala_reactive_streams/,scala_reactive_streams)), Zero, Zero, Zero),update)))), tpe=Error, msg=None, causes=List(Incomplete(node=Some(Task((tags: Map(Tag(update) -> 1, Tag(network) -> 1), taskDefinitionKey: ScopedKey(Scope(Select(ProjectRef(file:/home/tough/Documents/EPFL/BA5/MIT/Group%20Project/2024fa-foosbot/Software/Camera/transmit_image_test/scala_reactive_streams/,scala_reactive_streams)), Zero, Zero, Zero),update)))), tpe=Error, msg=None, causes=List(), directCause=Some(sbt.librarymanagement.ResolveException: Error downloading com.github.jarlakxen:reactive-serial_2.12:1.4[0m
2024.11.13 10:47:07 INFO  [error]   Not found[0m
2024.11.13 10:47:07 INFO  [error]   Not found[0m
2024.11.13 10:47:07 INFO  [error]   not found: /home/tough/.ivy2/localcom.github.jarlakxen/reactive-serial_2.12/1.4/ivys/ivy.xml[0m
2024.11.13 10:47:07 INFO  [error]   not found: https://repo1.maven.org/maven2/com/github/jarlakxen/reactive-serial_2.12/1.4/reactive-serial_2.12-1.4.pom[0m
2024.11.13 10:47:07 INFO  [error]   not found: https://dl.bintray.com/jarlakxen/maven/com/github/jarlakxen/reactive-serial_2.12/1.4/reactive-serial_2.12-1.4.pom))), directCause=None)), directCause=None)), directCause=None)), directCause=None)), directCause=None)), directCause=None), Incomplete(node=Some(Task((taskDefinitionKey: ScopedKey(Scope(Select(ProjectRef(file:/home/tough/Documents/EPFL/BA5/MIT/Group%20Project/2024fa-foosbot/Software/Camera/transmit_image_test/scala_reactive_streams/,scala_reactive_streams)), Select(ConfigKey(compile)), Zero, Zero),bloopInternalClasspath)))), tpe=Error, msg=None, causes=List(Incomplete(node=Some(Task(_)), tpe=Error, msg=None, causes=List(Incomplete(node=Some(Task((taskDefinitionKey: ScopedKey(Scope(Select(ProjectRef(file:/home/tough/Documents/EPFL/BA5/MIT/Group%20Project/2024fa-foosbot/Software/Camera/transmit_image_test/scala_reactive_streams/,scala_reactive_streams)), Select(ConfigKey(compile)), Zero, Zero),classpathConfiguration)))), tpe=Error, msg=None, causes=List(Incomplete(node=Some(Task((taskDefinitionKey: ScopedKey(Scope(Select(ProjectRef(file:/home/tough/Documents/EPFL/BA5/MIT/Group%20Project/2024fa-foosbot/Software/Camera/transmit_image_test/scala_reactive_streams/,scala_reactive_streams)), Zero, Zero, Zero),update)))), tpe=Error, msg=None, causes=List(Incomplete(node=Some(Task((tags: Map(Tag(update) -> 1, Tag(network) -> 1), taskDefinitionKey: ScopedKey(Scope(Select(ProjectRef(file:/home/tough/Documents/EPFL/BA5/MIT/Group%20Project/2024fa-foosbot/Software/Camera/transmit_image_test/scala_reactive_streams/,scala_reactive_streams)), Zero, Zero, Zero),update)))), tpe=Error, msg=None, causes=List(), directCause=Some(sbt.librarymanagement.ResolveException: Error downloading com.github.jarlakxen:reactive-serial_2.12:1.4[0m
2024.11.13 10:47:07 INFO  [error]   Not found[0m
2024.11.13 10:47:07 INFO  [error]   Not found[0m
2024.11.13 10:47:07 INFO  [error]   not found: /home/tough/.ivy2/localcom.github.jarlakxen/reactive-serial_2.12/1.4/ivys/ivy.xml[0m
2024.11.13 10:47:07 INFO  [error]   not found: https://repo1.maven.org/maven2/com/github/jarlakxen/reactive-serial_2.12/1.4/reactive-serial_2.12-1.4.pom[0m
2024.11.13 10:47:07 INFO  [error]   not found: https://dl.bintray.com/jarlakxen/maven/com/github/jarlakxen/reactive-serial_2.12/1.4/reactive-serial_2.12-1.4.pom))), directCause=None)), directCause=None)), directCause=None)), directCause=None)), directCause=None)), directCause=None)[0m
2024.11.13 10:47:07 INFO  [error]   not found: https://dl.bintray.com/jarlakxen/maven/com/github/jarlakxen/reactive-serial_2.12/1.4/reactive-serial_2.12-1.4.pom))), directCause=None)), directCause=None)), directCause=None)), directCause=None), Incomplete(node=Some(Task((taskDefinitionKey: ScopedKey(Scope(Select(ProjectRef(file:/home/tough/Documents/EPFL/BA5/MIT/Group%20Project/2024fa-foosbot/Software/Camera/transmit_image_test/scala_reactive_streams/,scala_reactive_streams)), Zero, Zero, Zero),update)))), tpe=Error, msg=None, causes=List(Incomplete(node=Some(Task((tags: Map(Tag(update) -> 1, Tag(network) -> 1), taskDefinitionKey: ScopedKey(Scope(Select(ProjectRef(file:/home/tough/Documents/EPFL/BA5/MIT/Group%20Project/2024fa-foosbot/Software/Camera/transmit_image_test/scala_reactive_streams/,scala_reactive_streams)), Zero, Zero, Zero),update)))), tpe=Error, msg=None, causes=List(), directCause=Some(sbt.librarymanagement.ResolveException: Error downloading com.github.jarlakxen:reactive-serial_2.12:1.4[0m
2024.11.13 10:47:07 INFO  [error]   Not found[0m
2024.11.13 10:47:07 INFO  [error]   Not found[0m
2024.11.13 10:47:07 INFO  [error]   not found: /home/tough/.ivy2/localcom.github.jarlakxen/reactive-serial_2.12/1.4/ivys/ivy.xml[0m
2024.11.13 10:47:07 INFO  [error]   not found: https://repo1.maven.org/maven2/com/github/jarlakxen/reactive-serial_2.12/1.4/reactive-serial_2.12-1.4.pom[0m
2024.11.13 10:47:07 INFO  [error]   not found: https://dl.bintray.com/jarlakxen/maven/com/github/jarlakxen/reactive-serial_2.12/1.4/reactive-serial_2.12-1.4.pom))), directCause=None), Incomplete(node=Some(Task(_)), tpe=Error, msg=None, causes=List(Incomplete(node=Some(Task(_)), tpe=Error, msg=None, causes=List(Incomplete(node=Some(Task((taskDefinitionKey: ScopedKey(Scope(Select(ProjectRef(file:/home/tough/Documents/EPFL/BA5/MIT/Group%20Project/2024fa-foosbot/Software/Camera/transmit_image_test/scala_reactive_streams/,scala_reactive_streams)), Select(ConfigKey(test)), Zero, Zero),externalDependencyClasspath)))), tpe=Error, msg=None, causes=List(Incomplete(node=Some(Task(_)), tpe=Error, msg=None, causes=List(Incomplete(node=Some(Task((taskDefinitionKey: ScopedKey(Scope(Select(ProjectRef(file:/home/tough/Documents/EPFL/BA5/MIT/Group%20Project/2024fa-foosbot/Software/Camera/transmit_image_test/scala_reactive_streams/,scala_reactive_streams)), Select(ConfigKey(test)), Zero, Zero),managedClasspath)))), tpe=Error, msg=None, causes=List(Incomplete(node=Some(Task(_)), tpe=Error, msg=None, causes=List(Incomplete(node=Some(Task((taskDefinitionKey: ScopedKey(Scope(Select(ProjectRef(file:/home/tough/Documents/EPFL/BA5/MIT/Group%20Project/2024fa-foosbot/Software/Camera/transmit_image_test/scala_reactive_streams/,scala_reactive_streams)), Zero, Zero, Zero),update)))), tpe=Error, msg=None, causes=List(Incomplete(node=Some(Task((tags: Map(Tag(update) -> 1, Tag(network) -> 1), taskDefinitionKey: ScopedKey(Scope(Select(ProjectRef(file:/home/tough/Documents/EPFL/BA5/MIT/Group%20Project/2024fa-foosbot/Software/Camera/transmit_image_test/scala_reactive_streams/,scala_reactive_streams)), Zero, Zero, Zero),update)))), tpe=Error, msg=None, causes=List(), directCause=Some(sbt.librarymanagement.ResolveException: Error downloading com.github.jarlakxen:reactive-serial_2.12:1.4[0m
2024.11.13 10:47:07 INFO  [error]   Not found[0m
2024.11.13 10:47:07 INFO  [error]   Not found[0m
2024.11.13 10:47:07 INFO  [error]   not found: /home/tough/.ivy2/localcom.github.jarlakxen/reactive-serial_2.12/1.4/ivys/ivy.xml[0m
2024.11.13 10:47:07 INFO  [error]   not found: https://repo1.maven.org/maven2/com/github/jarlakxen/reactive-serial_2.12/1.4/reactive-serial_2.12-1.4.pom[0m
2024.11.13 10:47:07 INFO  [error]   not found: https://dl.bintray.com/jarlakxen/maven/com/github/jarlakxen/reactive-serial_2.12/1.4/reactive-serial_2.12-1.4.pom))), directCause=None), Incomplete(node=Some(Task((taskDefinitionKey: ScopedKey(Scope(Select(ProjectRef(file:/home/tough/Documents/EPFL/BA5/MIT/Group%20Project/2024fa-foosbot/Software/Camera/transmit_image_test/scala_reactive_streams/,scala_reactive_streams)), Select(ConfigKey(test)), Zero, Zero),classpathConfiguration)))), tpe=Error, msg=None, causes=List(Incomplete(node=Some(Task((taskDefinitionKey: ScopedKey(Scope(Select(ProjectRef(file:/home/tough/Documents/EPFL/BA5/MIT/Group%20Project/2024fa-foosbot/Software/Camera/transmit_image_test/scala_reactive_streams/,scala_reactive_streams)), Zero, Zero, Zero),update)))), tpe=Error, msg=None, causes=List(Incomplete(node=Some(Task((tags: Map(Tag(update) -> 1, Tag(network) -> 1), taskDefinitionKey: ScopedKey(Scope(Select(ProjectRef(file:/home/tough/Documents/EPFL/BA5/MIT/Group%20Project/2024fa-foosbot/Software/Camera/transmit_image_test/scala_reactive_streams/,scala_reactive_streams)), Zero, Zero, Zero),update)))), tpe=Error, msg=None, causes=List(), directCause=Some(sbt.librarymanagement.ResolveException: Error downloading com.github.jarlakxen:reactive-serial_2.12:1.4[0m
2024.11.13 10:47:07 INFO  [error]   Not found[0m
2024.11.13 10:47:07 INFO  [error]   Not found[0m
2024.11.13 10:47:07 INFO  [error]   not found: /home/tough/.ivy2/localcom.github.jarlakxen/reactive-serial_2.12/1.4/ivys/ivy.xml[0m
2024.11.13 10:47:07 INFO  [error]   not found: https://repo1.maven.org/maven2/com/github/jarlakxen/reactive-serial_2.12/1.4/reactive-serial_2.12-1.4.pom[0m
2024.11.13 10:47:07 INFO  [error]   not found: https://dl.bintray.com/jarlakxen/maven/com/github/jarlakxen/reactive-serial_2.12/1.4/reactive-serial_2.12-1.4.pom))), directCause=None), Incomplete(node=Some(Task((taskDefinitionKey: ScopedKey(Scope(Select(ProjectRef(file:/home/tough/Documents/EPFL/BA5/MIT/Group%20Project/2024fa-foosbot/Software/Camera/transmit_image_test/scala_reactive_streams/,scala_reactive_streams)), Select(ConfigKey(runtime)), Zero, Zero),classpathConfiguration)))), tpe=Error, msg=None, causes=List(Incomplete(node=Some(Task((taskDefinitionKey: ScopedKey(Scope(Select(ProjectRef(file:/home/tough/Documents/EPFL/BA5/MIT/Group%20Project/2024fa-foosbot/Software/Camera/transmit_image_test/scala_reactive_streams/,scala_reactive_streams)), Zero, Zero, Zero),update)))), tpe=Error, msg=None, causes=List(Incomplete(node=Some(Task((tags: Map(Tag(update) -> 1, Tag(network) -> 1), taskDefinitionKey: ScopedKey(Scope(Select(ProjectRef(file:/home/tough/Documents/EPFL/BA5/MIT/Group%20Project/2024fa-foosbot/Software/Camera/transmit_image_test/scala_reactive_streams/,scala_reactive_streams)), Zero, Zero, Zero),update)))), tpe=Error, msg=None, causes=List(), directCause=Some(sbt.librarymanagement.ResolveException: Error downloading com.github.jarlakxen:reactive-serial_2.12:1.4[0m
2024.11.13 10:47:07 INFO  [error]   Not found[0m
2024.11.13 10:47:07 INFO  [error]   Not found[0m
2024.11.13 10:47:07 INFO  [error]   not found: /home/tough/.ivy2/localcom.github.jarlakxen/reactive-serial_2.12/1.4/ivys/ivy.xml[0m
2024.11.13 10:47:07 INFO  [error]   not found: https://repo1.maven.org/maven2/com/github/jarlakxen/reactive-serial_2.12/1.4/reactive-serial_2.12-1.4.pom[0m
2024.11.13 10:47:07 INFO  [error]   not found: https://dl.bintray.com/jarlakxen/maven/com/github/jarlakxen/reactive-serial_2.12/1.4/reactive-serial_2.12-1.4.pom))), directCause=None), Incomplete(node=Some(Task((taskDefinitionKey: ScopedKey(Scope(Select(ProjectRef(file:/home/tough/Documents/EPFL/BA5/MIT/Group%20Project/2024fa-foosbot/Software/Camera/transmit_image_test/scala_reactive_streams/,scala_reactive_streams)), Select(ConfigKey(compile)), Zero, Zero),classpathConfiguration)))), tpe=Error, msg=None, causes=List(Incomplete(node=Some(Task((taskDefinitionKey: ScopedKey(Scope(Select(ProjectRef(file:/home/tough/Documents/EPFL/BA5/MIT/Group%20Project/2024fa-foosbot/Software/Camera/transmit_image_test/scala_reactive_streams/,scala_reactive_streams)), Zero, Zero, Zero),update)))), tpe=Error, msg=None, causes=List(Incomplete(node=Some(Task((tags: Map(Tag(update) -> 1, Tag(network) -> 1), taskDefinitionKey: ScopedKey(Scope(Select(ProjectRef(file:/home/tough/Documents/EPFL/BA5/MIT/Group%20Project/2024fa-foosbot/Software/Camera/transmit_image_test/scala_reactive_streams/,scala_reactive_streams)), Zero, Zero, Zero),update)))), tpe=Error, msg=None, causes=List(), directCause=Some(sbt.librarymanagement.ResolveException: Error downloading com.github.jarlakxen:reactive-serial_2.12:1.4[0m
2024.11.13 10:47:07 INFO  [error]   Not found[0m
2024.11.13 10:47:07 INFO  [error]   Not found[0m
2024.11.13 10:47:07 INFO  [error]   not found: /home/tough/.ivy2/localcom.github.jarlakxen/reactive-serial_2.12/1.4/ivys/ivy.xml[0m
2024.11.13 10:47:07 INFO  [error]   not found: https://repo1.maven.org/maven2/com/github/jarlakxen/reactive-serial_2.12/1.4/reactive-serial_2.12-1.4.pom[0m
2024.11.13 10:47:07 INFO  [error]   not found: https://dl.bintray.com/jarlakxen/maven/com/github/jarlakxen/reactive-serial_2.12/1.4/reactive-serial_2.12-1.4.pom))), directCause=None)), directCause=None)), directCause=None)), directCause=None)), directCause=None)), directCause=None)), directCause=None)), directCause=None)), directCause=None)), directCause=None), Incomplete(node=Some(Task((taskDefinitionKey: ScopedKey(Scope(Select(ProjectRef(file:/home/tough/Documents/EPFL/BA5/MIT/Group%20Project/2024fa-foosbot/Software/Camera/transmit_image_test/scala_reactive_streams/,scala_reactive_streams)), Select(ConfigKey(test)), Zero, Zero),bloopInternalClasspath)))), tpe=Error, msg=None, causes=List(Incomplete(node=Some(Task(_)), tpe=Error, msg=None, causes=List(Incomplete(node=Some(Task((taskDefinitionKey: ScopedKey(Scope(Select(ProjectRef(file:/home/tough/Documents/EPFL/BA5/MIT/Group%20Project/2024fa-foosbot/Software/Camera/transmit_image_test/scala_reactive_streams/,scala_reactive_streams)), Select(ConfigKey(test)), Zero, Zero),classpathConfiguration)))), tpe=Error, msg=None, causes=List(Incomplete(node=Some(Task((taskDefinitionKey: ScopedKey(Scope(Select(ProjectRef(file:/home/tough/Documents/EPFL/BA5/MIT/Group%20Project/2024fa-foosbot/Software/Camera/transmit_image_test/scala_reactive_streams/,scala_reactive_streams)), Zero, Zero, Zero),update)))), tpe=Error, msg=None, causes=List(Incomplete(node=Some(Task((tags: Map(Tag(update) -> 1, Tag(network) -> 1), taskDefinitionKey: ScopedKey(Scope(Select(ProjectRef(file:/home/tough/Documents/EPFL/BA5/MIT/Group%20Project/2024fa-foosbot/Software/Camera/transmit_image_test/scala_reactive_streams/,scala_reactive_streams)), Zero, Zero, Zero),update)))), tpe=Error, msg=None, causes=List(), directCause=Some(sbt.librarymanagement.ResolveException: Error downloading com.github.jarlakxen:reactive-serial_2.12:1.4[0m
2024.11.13 10:47:07 INFO  [error]   Not found[0m
2024.11.13 10:47:07 INFO  [error]   Not found[0m
2024.11.13 10:47:07 INFO  [error]   not found: /home/tough/.ivy2/localcom.github.jarlakxen/reactive-serial_2.12/1.4/ivys/ivy.xml[0m
2024.11.13 10:47:07 INFO  [error]   not found: https://repo1.maven.org/maven2/com/github/jarlakxen/reactive-serial_2.12/1.4/reactive-serial_2.12-1.4.pom[0m
2024.11.13 10:47:07 INFO  [error]   not found: https://dl.bintray.com/jarlakxen/maven/com/github/jarlakxen/reactive-serial_2.12/1.4/reactive-serial_2.12-1.4.pom))), directCause=None), Incomplete(node=Some(Task((taskDefinitionKey: ScopedKey(Scope(Select(ProjectRef(file:/home/tough/Documents/EPFL/BA5/MIT/Group%20Project/2024fa-foosbot/Software/Camera/transmit_image_test/scala_reactive_streams/,scala_reactive_streams)), Select(ConfigKey(runtime)), Zero, Zero),classpathConfiguration)))), tpe=Error, msg=None, causes=List(Incomplete(node=Some(Task((taskDefinitionKey: ScopedKey(Scope(Select(ProjectRef(file:/home/tough/Documents/EPFL/BA5/MIT/Group%20Project/2024fa-foosbot/Software/Camera/transmit_image_test/scala_reactive_streams/,scala_reactive_streams)), Zero, Zero, Zero),update)))), tpe=Error, msg=None, causes=List(Incomplete(node=Some(Task((tags: Map(Tag(update) -> 1, Tag(network) -> 1), taskDefinitionKey: ScopedKey(Scope(Select(ProjectRef(file:/home/tough/Documents/EPFL/BA5/MIT/Group%20Project/2024fa-foosbot/Software/Camera/transmit_image_test/scala_reactive_streams/,scala_reactive_streams)), Zero, Zero, Zero),update)))), tpe=Error, msg=None, causes=List(), directCause=Some(sbt.librarymanagement.ResolveException: Error downloading com.github.jarlakxen:reactive-serial_2.12:1.4[0m
2024.11.13 10:47:07 INFO  [error]   Not found[0m
2024.11.13 10:47:07 INFO  [error]   Not found[0m
2024.11.13 10:47:07 INFO  [error]   not found: /home/tough/.ivy2/localcom.github.jarlakxen/reactive-serial_2.12/1.4/ivys/ivy.xml[0m
2024.11.13 10:47:07 INFO  [error]   not found: https://repo1.maven.org/maven2/com/github/jarlakxen/reactive-serial_2.12/1.4/reactive-serial_2.12-1.4.pom[0m
2024.11.13 10:47:07 INFO  [error]   not found: https://dl.bintray.com/jarlakxen/maven/com/github/jarlakxen/reactive-serial_2.12/1.4/reactive-serial_2.12-1.4.pom))), directCause=None), Incomplete(node=Some(Task((taskDefinitionKey: ScopedKey(Scope(Select(ProjectRef(file:/home/tough/Documents/EPFL/BA5/MIT/Group%20Project/2024fa-foosbot/Software/Camera/transmit_image_test/scala_reactive_streams/,scala_reactive_streams)), Select(ConfigKey(compile)), Zero, Zero),classpathConfiguration)))), tpe=Error, msg=None, causes=List(Incomplete(node=Some(Task((taskDefinitionKey: ScopedKey(Scope(Select(ProjectRef(file:/home/tough/Documents/EPFL/BA5/MIT/Group%20Project/2024fa-foosbot/Software/Camera/transmit_image_test/scala_reactive_streams/,scala_reactive_streams)), Zero, Zero, Zero),update)))), tpe=Error, msg=None, causes=List(Incomplete(node=Some(Task((tags: Map(Tag(update) -> 1, Tag(network) -> 1), taskDefinitionKey: ScopedKey(Scope(Select(ProjectRef(file:/home/tough/Documents/EPFL/BA5/MIT/Group%20Project/2024fa-foosbot/Software/Camera/transmit_image_test/scala_reactive_streams/,scala_reactive_streams)), Zero, Zero, Zero),update)))), tpe=Error, msg=None, causes=List(), directCause=Some(sbt.librarymanagement.ResolveException: Error downloading com.github.jarlakxen:reactive-serial_2.12:1.4[0m
2024.11.13 10:47:07 INFO  [error]   Not found[0m
2024.11.13 10:47:07 INFO  [error]   Not found[0m
2024.11.13 10:47:07 INFO  [error]   not found: /home/tough/.ivy2/localcom.github.jarlakxen/reactive-serial_2.12/1.4/ivys/ivy.xml[0m
2024.11.13 10:47:07 INFO  [error]   not found: https://repo1.maven.org/maven2/com/github/jarlakxen/reactive-serial_2.12/1.4/reactive-serial_2.12-1.4.pom[0m
2024.11.13 10:47:07 INFO  [error]   not found: https://dl.bintray.com/jarlakxen/maven/com/github/jarlakxen/reactive-serial_2.12/1.4/reactive-serial_2.12-1.4.pom))), directCause=None)), directCause=None)), directCause=None)), directCause=None)), directCause=None)), directCause=None), Incomplete(node=Some(Task((taskDefinitionKey: ScopedKey(Scope(Select(ProjectRef(file:/home/tough/Documents/EPFL/BA5/MIT/Group%20Project/2024fa-foosbot/Software/Camera/transmit_image_test/scala_reactive_streams/,scala_reactive_streams)), Select(ConfigKey(test)), Zero, Zero),scalacOptions)))), tpe=Error, msg=None, causes=List(Incomplete(node=Some(Task((taskDefinitionKey: ScopedKey(Scope(Select(ProjectRef(file:/home/tough/Documents/EPFL/BA5/MIT/Group%20Project/2024fa-foosbot/Software/Camera/transmit_image_test/scala_reactive_streams/,scala_reactive_streams)), Select(ConfigKey(test)), Zero, Zero),scalacOptions)))), tpe=Error, msg=None, causes=List(Incomplete(node=Some(Task((taskDefinitionKey: ScopedKey(Scope(Select(ProjectRef(file:/home/tough/Documents/EPFL/BA5/MIT/Group%20Project/2024fa-foosbot/Software/Camera/transmit_image_test/scala_reactive_streams/,scala_reactive_streams)), Select(ConfigKey(test)), Zero, Zero),scalacOptions)))), tpe=Error, msg=None, causes=List(Incomplete(node=Some(Task((taskDefinitionKey: ScopedKey(Scope(Select(ProjectRef(file:/home/tough/Documents/EPFL/BA5/MIT/Group%20Project/2024fa-foosbot/Software/Camera/transmit_image_test/scala_reactive_streams/,scala_reactive_streams)), Zero, Zero, Zero),update)))), tpe=Error, msg=None, causes=List(Incomplete(node=Some(Task((tags: Map(Tag(update) -> 1, Tag(network) -> 1), taskDefinitionKey: ScopedKey(Scope(Select(ProjectRef(file:/home/tough/Documents/EPFL/BA5/MIT/Group%20Project/2024fa-foosbot/Software/Camera/transmit_image_test/scala_reactive_streams/,scala_reactive_streams)), Zero, Zero, Zero),update)))), tpe=Error, msg=None, causes=List(), directCause=Some(sbt.librarymanagement.ResolveException: Error downloading com.github.jarlakxen:reactive-serial_2.12:1.4[0m
2024.11.13 10:47:07 INFO  [error]   Not found[0m
2024.11.13 10:47:07 INFO  [error]   Not found[0m
2024.11.13 10:47:07 INFO  [error]   not found: /home/tough/.ivy2/localcom.github.jarlakxen/reactive-serial_2.12/1.4/ivys/ivy.xml[0m
2024.11.13 10:47:07 INFO  [error]   not found: https://repo1.maven.org/maven2/com/github/jarlakxen/reactive-serial_2.12/1.4/reactive-serial_2.12-1.4.pom[0m
2024.11.13 10:47:07 INFO  [error]   not found: https://dl.bintray.com/jarlakxen/maven/com/github/jarlakxen/reactive-serial_2.12/1.4/reactive-serial_2.12-1.4.pom))), directCause=None), Incomplete(node=Some(Task((taskDefinitionKey: ScopedKey(Scope(Select(ProjectRef(file:/home/tough/Documents/EPFL/BA5/MIT/Group%20Project/2024fa-foosbot/Software/Camera/transmit_image_test/scala_reactive_streams/,scala_reactive_streams)), Select(ConfigKey(test)), Zero, Zero),scalacOptions)))), tpe=Error, msg=None, causes=List(Incomplete(node=Some(Task((taskDefinitionKey: ScopedKey(Scope(Select(ProjectRef(file:/home/tough/Documents/EPFL/BA5/MIT/Group%20Project/2024fa-foosbot/Software/Camera/transmit_image_test/scala_reactive_streams/,scala_reactive_streams)), Select(ConfigKey(test)), Zero, Zero),scalacOptions)))), tpe=Error, msg=None, causes=List(Incomplete(node=Some(Task((taskDefinitionKey: ScopedKey(Scope(Select(ProjectRef(file:/home/tough/Documents/EPFL/BA5/MIT/Group%20Project/2024fa-foosbot/Software/Camera/transmit_image_test/scala_reactive_streams/,scala_reactive_streams)), Select(ConfigKey(compile)), Zero, Zero),scalacOptions)))), tpe=Error, msg=None, causes=List(Incomplete(node=Some(Task((taskDefinitionKey: ScopedKey(Scope(Select(ProjectRef(file:/home/tough/Documents/EPFL/BA5/MIT/Group%20Project/2024fa-foosbot/Software/Camera/transmit_image_test/scala_reactive_streams/,scala_reactive_streams)), Select(ConfigKey(compile)), Zero, Zero),scalacOptions)))), tpe=Error, msg=None, causes=List(Incomplete(node=Some(Task((taskDefinitionKey: ScopedKey(Scope(Select(ProjectRef(file:/home/tough/Documents/EPFL/BA5/MIT/Group%20Project/2024fa-foosbot/Software/Camera/transmit_image_test/scala_reactive_streams/,scala_reactive_streams)), Select(ConfigKey(compile)), Zero, Zero),scalacOptions)))), tpe=Error, msg=None, causes=List(Incomplete(node=Some(Task((taskDefinitionKey: ScopedKey(Scope(Select(ProjectRef(file:/home/tough/Documents/EPFL/BA5/MIT/Group%20Project/2024fa-foosbot/Software/Camera/transmit_image_test/scala_reactive_streams/,scala_reactive_streams)), Select(ConfigKey(compile)), Zero, Zero),scalacOptions)))), tpe=Error, msg=None, causes=List(Incomplete(node=Some(Task((taskDefinitionKey: ScopedKey(Scope(Select(ProjectRef(file:/home/tough/Documents/EPFL/BA5/MIT/Group%20Project/2024fa-foosbot/Software/Camera/transmit_image_test/scala_reactive_streams/,scala_reactive_streams)), Select(ConfigKey(compile)), Zero, Zero),scalacOptions)))), tpe=Error, msg=None, causes=List(Incomplete(node=Some(Task((taskDefinitionKey: ScopedKey(Scope(Select(ProjectRef(file:/home/tough/Documents/EPFL/BA5/MIT/Group%20Project/2024fa-foosbot/Software/Camera/transmit_image_test/scala_reactive_streams/,scala_reactive_streams)), Zero, Zero, Zero),update)))), tpe=Error, msg=None, causes=List(Incomplete(node=Some(Task((tags: Map(Tag(update) -> 1, Tag(network) -> 1), taskDefinitionKey: ScopedKey(Scope(Select(ProjectRef(file:/home/tough/Documents/EPFL/BA5/MIT/Group%20Project/2024fa-foosbot/Software/Camera/transmit_image_test/scala_reactive_streams/,scala_reactive_streams)), Zero, Zero, Zero),update)))), tpe=Error, msg=None, causes=List(), directCause=Some(sbt.librarymanagement.ResolveException: Error downloading com.github.jarlakxen:reactive-serial_2.12:1.4[0m
2024.11.13 10:47:07 INFO  [error]   Not found[0m
2024.11.13 10:47:07 INFO  [error]   Not found[0m
2024.11.13 10:47:07 INFO  [error]   not found: /home/tough/.ivy2/localcom.github.jarlakxen/reactive-serial_2.12/1.4/ivys/ivy.xml[0m
2024.11.13 10:47:07 INFO  [error]   not found: https://repo1.maven.org/maven2/com/github/jarlakxen/reactive-serial_2.12/1.4/reactive-serial_2.12-1.4.pom[0m
2024.11.13 10:47:07 INFO  [error]   not found: https://dl.bintray.com/jarlakxen/maven/com/github/jarlakxen/reactive-serial_2.12/1.4/reactive-serial_2.12-1.4.pom))), directCause=None)), directCause=None)), directCause=None)), directCause=None)), directCause=None)), directCause=None)), directCause=None)), directCause=None)), directCause=None)), directCause=None)), directCause=None), Incomplete(node=Some(Task(_)), tpe=Error, msg=None, causes=List(Incomplete(node=Some(Task((taskDefinitionKey: ScopedKey(Scope(Select(ProjectRef(file:/home/tough/Documents/EPFL/BA5/MIT/Group%20Project/2024fa-foosbot/Software/Camera/transmit_image_test/scala_reactive_streams/,scala_reactive_streams)), Select(ConfigKey(test)), Zero, Zero),externalDependencyClasspath)))), tpe=Error, msg=None, causes=List(Incomplete(node=Some(Task(_)), tpe=Error, msg=None, causes=List(Incomplete(node=Some(Task((taskDefinitionKey: ScopedKey(Scope(Select(ProjectRef(file:/home/tough/Documents/EPFL/BA5/MIT/Group%20Project/2024fa-foosbot/Software/Camera/transmit_image_test/scala_reactive_streams/,scala_reactive_streams)), Select(ConfigKey(test)), Zero, Zero),managedClasspath)))), tpe=Error, msg=None, causes=List(Incomplete(node=Some(Task(_)), tpe=Error, msg=None, causes=List(Incomplete(node=Some(Task((taskDefinitionKey: ScopedKey(Scope(Select(ProjectRef(file:/home/tough/Documents/EPFL/BA5/MIT/Group%20Project/2024fa-foosbot/Software/Camera/transmit_image_test/scala_reactive_streams/,scala_reactive_streams)), Zero, Zero, Zero),update)))), tpe=Error, msg=None, causes=List(Incomplete(node=Some(Task((tags: Map(Tag(update) -> 1, Tag(network) -> 1), taskDefinitionKey: ScopedKey(Scope(Select(ProjectRef(file:/home/tough/Documents/EPFL/BA5/MIT/Group%20Project/2024fa-foosbot/Software/Camera/transmit_image_test/scala_reactive_streams/,scala_reactive_streams)), Zero, Zero, Zero),update)))), tpe=Error, msg=None, causes=List(), directCause=Some(sbt.librarymanagement.ResolveException: Error downloading com.github.jarlakxen:reactive-serial_2.12:1.4[0m
2024.11.13 10:47:07 INFO  [error]   Not found[0m
2024.11.13 10:47:07 INFO  [error]   Not found[0m
2024.11.13 10:47:07 INFO  [error]   not found: /home/tough/.ivy2/localcom.github.jarlakxen/reactive-serial_2.12/1.4/ivys/ivy.xml[0m
2024.11.13 10:47:07 INFO  [error]   not found: https://repo1.maven.org/maven2/com/github/jarlakxen/reactive-serial_2.12/1.4/reactive-serial_2.12-1.4.pom[0m
2024.11.13 10:47:07 INFO  [error]   not found: https://dl.bintray.com/jarlakxen/maven/com/github/jarlakxen/reactive-serial_2.12/1.4/reactive-serial_2.12-1.4.pom))), directCause=None), Incomplete(node=Some(Task((taskDefinitionKey: ScopedKey(Scope(Select(ProjectRef(file:/home/tough/Documents/EPFL/BA5/MIT/Group%20Project/2024fa-foosbot/Software/Camera/transmit_image_test/scala_reactive_streams/,scala_reactive_streams)), Select(ConfigKey(test)), Zero, Zero),classpathConfiguration)))), tpe=Error, msg=None, causes=List(Incomplete(node=Some(Task((taskDefinitionKey: ScopedKey(Scope(Select(ProjectRef(file:/home/tough/Documents/EPFL/BA5/MIT/Group%20Project/2024fa-foosbot/Software/Camera/transmit_image_test/scala_reactive_streams/,scala_reactive_streams)), Zero, Zero, Zero),update)))), tpe=Error, msg=None, causes=List(Incomplete(node=Some(Task((tags: Map(Tag(update) -> 1, Tag(network) -> 1), taskDefinitionKey: ScopedKey(Scope(Select(ProjectRef(file:/home/tough/Documents/EPFL/BA5/MIT/Group%20Project/2024fa-foosbot/Software/Camera/transmit_image_test/scala_reactive_streams/,scala_reactive_streams)), Zero, Zero, Zero),update)))), tpe=Error, msg=None, causes=List(), directCause=Some(sbt.librarymanagement.ResolveException: Error downloading com.github.jarlakxen:reactive-serial_2.12:1.4[0m
2024.11.13 10:47:07 INFO  [error]   Not found[0m
2024.11.13 10:47:07 INFO  [error]   Not found[0m
2024.11.13 10:47:07 INFO  [error]   not found: /home/tough/.ivy2/localcom.github.jarlakxen/reactive-serial_2.12/1.4/ivys/ivy.xml[0m
2024.11.13 10:47:07 INFO  [error]   not found: https://repo1.maven.org/maven2/com/github/jarlakxen/reactive-serial_2.12/1.4/reactive-serial_2.12-1.4.pom[0m
2024.11.13 10:47:07 INFO  [error]   not found: https://dl.bintray.com/jarlakxen/maven/com/github/jarlakxen/reactive-serial_2.12/1.4/reactive-serial_2.12-1.4.pom))), directCause=None), Incomplete(node=Some(Task((taskDefinitionKey: ScopedKey(Scope(Select(ProjectRef(file:/home/tough/Documents/EPFL/BA5/MIT/Group%20Project/2024fa-foosbot/Software/Camera/transmit_image_test/scala_reactive_streams/,scala_reactive_streams)), Select(ConfigKey(runtime)), Zero, Zero),classpathConfiguration)))), tpe=Error, msg=None, causes=List(Incomplete(node=Some(Task((taskDefinitionKey: ScopedKey(Scope(Select(ProjectRef(file:/home/tough/Documents/EPFL/BA5/MIT/Group%20Project/2024fa-foosbot/Software/Camera/transmit_image_test/scala_reactive_streams/,scala_reactive_streams)), Zero, Zero, Zero),update)))), tpe=Error, msg=None, causes=List(Incomplete(node=Some(Task((tags: Map(Tag(update) -> 1, Tag(network) -> 1), taskDefinitionKey: ScopedKey(Scope(Select(ProjectRef(file:/home/tough/Documents/EPFL/BA5/MIT/Group%20Project/2024fa-foosbot/Software/Camera/transmit_image_test/scala_reactive_streams/,scala_reactive_streams)), Zero, Zero, Zero),update)))), tpe=Error, msg=None, causes=List(), directCause=Some(sbt.librarymanagement.ResolveException: Error downloading com.github.jarlakxen:reactive-serial_2.12:1.4[0m
2024.11.13 10:47:07 INFO  [error]   Not found[0m
2024.11.13 10:47:07 INFO  [error]   Not found[0m
2024.11.13 10:47:07 INFO  [error]   not found: /home/tough/.ivy2/localcom.github.jarlakxen/reactive-serial_2.12/1.4/ivys/ivy.xml[0m
2024.11.13 10:47:07 INFO  [error]   not found: https://repo1.maven.org/maven2/com/github/jarlakxen/reactive-serial_2.12/1.4/reactive-serial_2.12-1.4.pom[0m
2024.11.13 10:47:07 INFO  [error]   not found: https://dl.bintray.com/jarlakxen/maven/com/github/jarlakxen/reactive-serial_2.12/1.4/reactive-serial_2.12-1.4.pom))), directCause=None), Incomplete(node=Some(Task((taskDefinitionKey: ScopedKey(Scope(Select(ProjectRef(file:/home/tough/Documents/EPFL/BA5/MIT/Group%20Project/2024fa-foosbot/Software/Camera/transmit_image_test/scala_reactive_streams/,scala_reactive_streams)), Select(ConfigKey(compile)), Zero, Zero),classpathConfiguration)))), tpe=Error, msg=None, causes=List(Incomplete(node=Some(Task((taskDefinitionKey: ScopedKey(Scope(Select(ProjectRef(file:/home/tough/Documents/EPFL/BA5/MIT/Group%20Project/2024fa-foosbot/Software/Camera/transmit_image_test/scala_reactive_streams/,scala_reactive_streams)), Zero, Zero, Zero),update)))), tpe=Error, msg=None, causes=List(Incomplete(node=Some(Task((tags: Map(Tag(update) -> 1, Tag(network) -> 1), taskDefinitionKey: ScopedKey(Scope(Select(ProjectRef(file:/home/tough/Documents/EPFL/BA5/MIT/Group%20Project/2024fa-foosbot/Software/Camera/transmit_image_test/scala_reactive_streams/,scala_reactive_streams)), Zero, Zero, Zero),update)))), tpe=Error, msg=None, causes=List(), directCause=Some(sbt.librarymanagement.ResolveException: Error downloading com.github.jarlakxen:reactive-serial_2.12:1.4[0m
2024.11.13 10:47:07 INFO  [error]   Not found[0m
2024.11.13 10:47:07 INFO  [error]   Not found[0m
2024.11.13 10:47:07 INFO  [error]   not found: /home/tough/.ivy2/localcom.github.jarlakxen/reactive-serial_2.12/1.4/ivys/ivy.xml[0m
2024.11.13 10:47:07 INFO  [error]   not found: https://repo1.maven.org/maven2/com/github/jarlakxen/reactive-serial_2.12/1.4/reactive-serial_2.12-1.4.pom[0m
2024.11.13 10:47:07 INFO  [error]   not found: https://dl.bintray.com/jarlakxen/maven/com/github/jarlakxen/reactive-serial_2.12/1.4/reactive-serial_2.12-1.4.pom))), directCause=None)), directCause=None)), directCause=None)), directCause=None)), directCause=None)), directCause=None)), directCause=None)), directCause=None), Incomplete(node=Some(Task((taskDefinitionKey: ScopedKey(Scope(Select(ProjectRef(file:/home/tough/Documents/EPFL/BA5/MIT/Group%20Project/2024fa-foosbot/Software/Camera/transmit_image_test/scala_reactive_streams/,scala_reactive_streams)), Select(ConfigKey(test)), Zero, Zero),bloopInternalClasspath)))), tpe=Error, msg=None, causes=List(Incomplete(node=Some(Task(_)), tpe=Error, msg=None, causes=List(Incomplete(node=Some(Task((taskDefinitionKey: ScopedKey(Scope(Select(ProjectRef(file:/home/tough/Documents/EPFL/BA5/MIT/Group%20Project/2024fa-foosbot/Software/Camera/transmit_image_test/scala_reactive_streams/,scala_reactive_streams)), Select(ConfigKey(test)), Zero, Zero),classpathConfiguration)))), tpe=Error, msg=None, causes=List(Incomplete(node=Some(Task((taskDefinitionKey: ScopedKey(Scope(Select(ProjectRef(file:/home/tough/Documents/EPFL/BA5/MIT/Group%20Project/2024fa-foosbot/Software/Camera/transmit_image_test/scala_reactive_streams/,scala_reactive_streams)), Zero, Zero, Zero),update)))), tpe=Error, msg=None, causes=List(Incomplete(node=Some(Task((tags: Map(Tag(update) -> 1, Tag(network) -> 1), taskDefinitionKey: ScopedKey(Scope(Select(ProjectRef(file:/home/tough/Documents/EPFL/BA5/MIT/Group%20Project/2024fa-foosbot/Software/Camera/transmit_image_test/scala_reactive_streams/,scala_reactive_streams)), Zero, Zero, Zero),update)))), tpe=Error, msg=None, causes=List(), directCause=Some(sbt.librarymanagement.ResolveException: Error downloading com.github.jarlakxen:reactive-serial_2.12:1.4[0m
2024.11.13 10:47:07 INFO  [error]   Not found[0m
2024.11.13 10:47:07 INFO  [error]   Not found[0m
2024.11.13 10:47:07 INFO  [error]   not found: /home/tough/.ivy2/localcom.github.jarlakxen/reactive-serial_2.12/1.4/ivys/ivy.xml[0m
2024.11.13 10:47:07 INFO  [error]   not found: https://repo1.maven.org/maven2/com/github/jarlakxen/reactive-serial_2.12/1.4/reactive-serial_2.12-1.4.pom[0m
2024.11.13 10:47:07 INFO  [error]   not found: https://dl.bintray.com/jarlakxen/maven/com/github/jarlakxen/reactive-serial_2.12/1.4/reactive-serial_2.12-1.4.pom))), directCause=None), Incomplete(node=Some(Task((taskDefinitionKey: ScopedKey(Scope(Select(ProjectRef(file:/home/tough/Documents/EPFL/BA5/MIT/Group%20Project/2024fa-foosbot/Software/Camera/transmit_image_test/scala_reactive_streams/,scala_reactive_streams)), Select(ConfigKey(runtime)), Zero, Zero),classpathConfiguration)))), tpe=Error, msg=None, causes=List(Incomplete(node=Some(Task((taskDefinitionKey: ScopedKey(Scope(Select(ProjectRef(file:/home/tough/Documents/EPFL/BA5/MIT/Group%20Project/2024fa-foosbot/Software/Camera/transmit_image_test/scala_reactive_streams/,scala_reactive_streams)), Zero, Zero, Zero),update)))), tpe=Error, msg=None, causes=List(Incomplete(node=Some(Task((tags: Map(Tag(update) -> 1, Tag(network) -> 1), taskDefinitionKey: ScopedKey(Scope(Select(ProjectRef(file:/home/tough/Documents/EPFL/BA5/MIT/Group%20Project/2024fa-foosbot/Software/Camera/transmit_image_test/scala_reactive_streams/,scala_reactive_streams)), Zero, Zero, Zero),update)))), tpe=Error, msg=None, causes=List(), directCause=Some(sbt.librarymanagement.ResolveException: Error downloading com.github.jarlakxen:reactive-serial_2.12:1.4[0m
2024.11.13 10:47:07 INFO  [error]   Not found[0m
2024.11.13 10:47:07 INFO  [error]   Not found[0m
2024.11.13 10:47:07 INFO  [error]   not found: /home/tough/.ivy2/localcom.github.jarlakxen/reactive-serial_2.12/1.4/ivys/ivy.xml[0m
2024.11.13 10:47:07 INFO  [error]   not found: https://repo1.maven.org/maven2/com/github/jarlakxen/reactive-serial_2.12/1.4/reactive-serial_2.12-1.4.pom[0m
2024.11.13 10:47:07 INFO  [error]   not found: https://dl.bintray.com/jarlakxen/maven/com/github/jarlakxen/reactive-serial_2.12/1.4/reactive-serial_2.12-1.4.pom))), directCause=None), Incomplete(node=Some(Task((taskDefinitionKey: ScopedKey(Scope(Select(ProjectRef(file:/home/tough/Documents/EPFL/BA5/MIT/Group%20Project/2024fa-foosbot/Software/Camera/transmit_image_test/scala_reactive_streams/,scala_reactive_streams)), Select(ConfigKey(compile)), Zero, Zero),classpathConfiguration)))), tpe=Error, msg=None, causes=List(Incomplete(node=Some(Task((taskDefinitionKey: ScopedKey(Scope(Select(ProjectRef(file:/home/tough/Documents/EPFL/BA5/MIT/Group%20Project/2024fa-foosbot/Software/Camera/transmit_image_test/scala_reactive_streams/,scala_reactive_streams)), Zero, Zero, Zero),update)))), tpe=Error, msg=None, causes=List(Incomplete(node=Some(Task((tags: Map(Tag(update) -> 1, Tag(network) -> 1), taskDefinitionKey: ScopedKey(Scope(Select(ProjectRef(file:/home/tough/Documents/EPFL/BA5/MIT/Group%20Project/2024fa-foosbot/Software/Camera/transmit_image_test/scala_reactive_streams/,scala_reactive_streams)), Zero, Zero, Zero),update)))), tpe=Error, msg=None, causes=List(), directCause=Some(sbt.librarymanagement.ResolveException: Error downloading com.github.jarlakxen:reactive-serial_2.12:1.4[0m
2024.11.13 10:47:07 INFO  [error]   Not found[0m
2024.11.13 10:47:07 INFO  [error]   Not found[0m
2024.11.13 10:47:07 INFO  [error]   not found: /home/tough/.ivy2/localcom.github.jarlakxen/reactive-serial_2.12/1.4/ivys/ivy.xml[0m
2024.11.13 10:47:07 INFO  [error]   not found: https://repo1.maven.org/maven2/com/github/jarlakxen/reactive-serial_2.12/1.4/reactive-serial_2.12-1.4.pom[0m
2024.11.13 10:47:07 INFO  [error]   not found: https://dl.bintray.com/jarlakxen/maven/com/github/jarlakxen/reactive-serial_2.12/1.4/reactive-serial_2.12-1.4.pom))), directCause=None)), directCause=None)), directCause=None)), directCause=None)), directCause=None)), directCause=None)), directCause=None)), directCause=None)[0m
2024.11.13 10:47:07 INFO  [success] Total time: 2 s, completed 13 nov. 2024, 10:47:07[0m
2024.11.13 10:47:08 INFO  time: ran 'sbt bloopInstall' in 14s[0m
2024.11.13 10:47:08 WARN  Build server is not auto-connectable.[0m
2024.11.13 10:47:16 WARN  no build target for: /home/tough/Documents/EPFL/BA5/MIT/Group Project/2024fa-foosbot/Software/Camera/transmit_image_test/scala_reactive_streams/src/main/scala/Main.scala[0m
2024.11.13 10:47:19 INFO  no build target found for /home/tough/Documents/EPFL/BA5/MIT/Group Project/2024fa-foosbot/Software/Camera/transmit_image_test/scala_reactive_streams/src/main/scala/Main.scala. Using presentation compiler with project's scala-library version: 3.2.2[0m
2024.11.13 10:48:45 WARN  no build target for: /home/tough/Documents/EPFL/BA5/MIT/Group Project/2024fa-foosbot/Software/Camera/transmit_image_test/scala_reactive_streams/src/main/scala/Main.scala[0m
2024.11.13 10:49:24 WARN  no build target for: /home/tough/Documents/EPFL/BA5/MIT/Group Project/2024fa-foosbot/Software/Camera/transmit_image_test/scala_reactive_streams/src/main/scala/Main.scala[0m
2024.11.13 10:55:56 INFO  Shutting down server[0m
2024.11.13 10:55:56 INFO  shutting down Metals[0m
nov. 13, 2024 10:55:56 AM io.undertow.Undertow stop
INFO: stopping server: Undertow - 2.2.20.Final
